<?xml version="1.0" encoding="UTF-8"?>
<!-- Generated by org.testng.reporters.JUnitReportReporter -->
<testsuite hostname="Dellinspiron" failures="0" tests="1" name="Test.Test2" time="0.615" errors="0" timestamp="2022-06-24T10:47:30 IST" skipped="0">
  <testcase classname="Test.Test2" name="T2" time="0.615"/>
  <system-out/>
</testsuite> <!-- Test.Test2 -->
